0 silly input [ 'start' ]
1 silly flags { _: [ 'run' ],
1 silly flags   'reject-cycles': false,
1 silly flags   rejectCycles: false,
1 silly flags   parallel: true,
1 silly flags   script: 'start',
1 silly flags   args: [] }
2 verbose rootPath C:\Users\Dhanasekaran_Selvara\Project\tailor-multiple-angular-app
3 info version 2.11.0
4 silly existsSync C:\Users\Dhanasekaran_Selvara\Project\tailor-multiple-angular-app\VERSION
5 silly initialize attempt
6 silly initialize success
7 silly execute attempt
8 info run in 4 package(s): npm run start
9 silly runScriptInPackageStreaming [ 'start', [], 'app-three-angular-v6' ]
10 silly getExecOpts { cwd: 'C:\\Users\\Dhanasekaran_Selvara\\Project\\tailor-multiple-angular-app\\child-apps\\app-four-angular-v6' }
11 silly runScriptInPackageStreaming [ 'start', [], 'app-one-angular-v7' ]
12 silly getExecOpts { cwd: 'C:\\Users\\Dhanasekaran_Selvara\\Project\\tailor-multiple-angular-app\\child-apps\\app-one-angular-v7' }
13 silly runScriptInPackageStreaming [ 'start', [], 'app-three-angular-v6' ]
14 silly getExecOpts { cwd: 'C:\\Users\\Dhanasekaran_Selvara\\Project\\tailor-multiple-angular-app\\child-apps\\app-three-angular-v6' }
15 silly runScriptInPackageStreaming [ 'start', [], 'app-two-angular-v7' ]
16 silly getExecOpts { cwd: 'C:\\Users\\Dhanasekaran_Selvara\\Project\\tailor-multiple-angular-app\\child-apps\\app-two-angular-v7' }
17 error execute callback with error
18 error Error: Command failed: npm run start
18 error fs.js:646
18 error   return binding.open(pathModule._makeLong(path), stringToFlags(flags), mode);
18 error                  ^
18 error
18 error Error: ENOENT: no such file or directory, open 'C:\Users\Dhanasekaran_Selvara\Project\tailor-multiple-angular-app\child-apps\app-one-angular-v7\dist\index.html'
18 error     at Object.fs.openSync (fs.js:646:18)
18 error     at Object.fs.readFileSync (fs.js:551:33)
18 error     at buildIndexHTML (C:\Users\Dhanasekaran_Selvara\Project\tailor-multiple-angular-app\child-apps\app-one-angular-v7\fragment.js:81:23)
18 error     at Object.<anonymous> (C:\Users\Dhanasekaran_Selvara\Project\tailor-multiple-angular-app\child-apps\app-one-angular-v7\fragment.js:90:14)
18 error     at Module._compile (module.js:653:30)
18 error     at Object.Module._extensions..js (module.js:664:10)
18 error     at Module.load (module.js:566:32)
18 error     at tryModuleLoad (module.js:506:12)
18 error     at Function.Module._load (module.js:498:3)
18 error     at Function.Module.runMain (module.js:694:10)
18 error npm ERR! code ELIFECYCLE
18 error npm ERR! errno 1
18 error npm ERR! app-one-angular-v7@0.0.0 start: `node fragment.js`
18 error npm ERR! Exit status 1
18 error npm ERR!
18 error npm ERR! Failed at the app-one-angular-v7@0.0.0 start script.
18 error npm ERR! This is probably not a problem with npm. There is likely additional logging output above.
18 error
18 error npm ERR! A complete log of this run can be found in:
18 error npm ERR!     C:\Users\Dhanasekaran_Selvara\AppData\Roaming\npm-cache\_logs\2019-03-13T10_55_42_147Z-debug.log
18 error
18 error
18 error > app-one-angular-v7@0.0.0 start C:\Users\Dhanasekaran_Selvara\Project\tailor-multiple-angular-app\child-apps\app-one-angular-v7
18 error > node fragment.js
18 error
18 error
18 error     at Promise.all.then.arr (C:\Users\Dhanasekaran_Selvara\Project\tailor-multiple-angular-app\node_modules\execa\index.js:236:11)
18 error     at <anonymous>
